==================== Loading Models ====================
[Warning] 基础模型路径 'meta-llama/Llama-2-7b-hf' 不存在。请确保这是一个有效的 Hugging Face 模型标识符或本地路径。
ModelManager initialized with base model path: meta-llama/Llama-2-7b-hf
--- Loading and merging LoRA adapter using ModelManager ---
--- Method 1: Merging LoRA to model in memory ---
Loading base model from: meta-llama/Llama-2-7b-hf
Traceback (most recent call last):
  File "/home/tiger/.local/lib/python3.11/site-packages/huggingface_hub/utils/_http.py", line 407, in hf_raise_for_status
    response.raise_for_status()
  File "/usr/local/lib/python3.11/dist-packages/requests/models.py", line 1024, in raise_for_status
    raise HTTPError(http_error_msg, response=self)
requests.exceptions.HTTPError: 401 Client Error: Unauthorized for url: https://huggingface.co/meta-llama/Llama-2-7b-hf/resolve/main/config.json

The above exception was the direct cause of the following exception:

Traceback (most recent call last):
  File "/home/tiger/.local/lib/python3.11/site-packages/transformers/utils/hub.py", line 479, in cached_files
    hf_hub_download(
  File "/home/tiger/.local/lib/python3.11/site-packages/huggingface_hub/utils/_validators.py", line 114, in _inner_fn
    return fn(*args, **kwargs)
           ^^^^^^^^^^^^^^^^^^^
  File "/home/tiger/.local/lib/python3.11/site-packages/huggingface_hub/file_download.py", line 1010, in hf_hub_download
    return _hf_hub_download_to_cache_dir(
           ^^^^^^^^^^^^^^^^^^^^^^^^^^^^^^
  File "/home/tiger/.local/lib/python3.11/site-packages/huggingface_hub/file_download.py", line 1117, in _hf_hub_download_to_cache_dir
    _raise_on_head_call_error(head_call_error, force_download, local_files_only)
  File "/home/tiger/.local/lib/python3.11/site-packages/huggingface_hub/file_download.py", line 1658, in _raise_on_head_call_error
    raise head_call_error
  File "/home/tiger/.local/lib/python3.11/site-packages/huggingface_hub/file_download.py", line 1546, in _get_metadata_or_catch_error
    metadata = get_hf_file_metadata(
               ^^^^^^^^^^^^^^^^^^^^^
  File "/home/tiger/.local/lib/python3.11/site-packages/huggingface_hub/utils/_validators.py", line 114, in _inner_fn
    return fn(*args, **kwargs)
           ^^^^^^^^^^^^^^^^^^^
  File "/home/tiger/.local/lib/python3.11/site-packages/huggingface_hub/file_download.py", line 1463, in get_hf_file_metadata
    r = _request_wrapper(
        ^^^^^^^^^^^^^^^^^
  File "/home/tiger/.local/lib/python3.11/site-packages/huggingface_hub/file_download.py", line 286, in _request_wrapper
    response = _request_wrapper(
               ^^^^^^^^^^^^^^^^^
  File "/home/tiger/.local/lib/python3.11/site-packages/huggingface_hub/file_download.py", line 310, in _request_wrapper
    hf_raise_for_status(response)
  File "/home/tiger/.local/lib/python3.11/site-packages/huggingface_hub/utils/_http.py", line 424, in hf_raise_for_status
    raise _format(GatedRepoError, message, response) from e
huggingface_hub.errors.GatedRepoError: 401 Client Error. (Request ID: Root=1-69202088-7a5dde4f061956124bc9c096;ffa74583-c123-4cab-b4eb-245dcbd1000a)

Cannot access gated repo for url https://huggingface.co/meta-llama/Llama-2-7b-hf/resolve/main/config.json.
Access to model meta-llama/Llama-2-7b-hf is restricted. You must have access to it and be authenticated to access it. Please log in.

The above exception was the direct cause of the following exception:

Traceback (most recent call last):
  File "/mnt/bn/search-nlp-us/haohanwen/haohw/rl/train_ppo.py", line 132, in <module>
    main()
  File "/mnt/bn/search-nlp-us/haohanwen/haohw/rl/train_ppo.py", line 63, in main
    ppo_model, ref_model, tokenizer = load_ppo_models_from_manager(cfg["model"])
                                      ^^^^^^^^^^^^^^^^^^^^^^^^^^^^^^^^^^^^^^^^^^
  File "/mnt/bn/search-nlp-us/haohanwen/haohw/rl/train_ppo.py", line 29, in load_ppo_models_from_manager
    base_model, tokenizer = mgr.merge_lora_to_model(
                            ^^^^^^^^^^^^^^^^^^^^^^^^
  File "/mnt/bn/search-nlp-us/haohanwen/haohw/model/model_utils.py", line 22, in merge_lora_to_model
    base_model = AutoModelForCausalLM.from_pretrained(
                 ^^^^^^^^^^^^^^^^^^^^^^^^^^^^^^^^^^^^^
  File "/home/tiger/.local/lib/python3.11/site-packages/transformers/models/auto/auto_factory.py", line 549, in from_pretrained
    config, kwargs = AutoConfig.from_pretrained(
                     ^^^^^^^^^^^^^^^^^^^^^^^^^^^
  File "/home/tiger/.local/lib/python3.11/site-packages/transformers/models/auto/configuration_auto.py", line 1332, in from_pretrained
    config_dict, unused_kwargs = PretrainedConfig.get_config_dict(pretrained_model_name_or_path, **kwargs)
                                 ^^^^^^^^^^^^^^^^^^^^^^^^^^^^^^^^^^^^^^^^^^^^^^^^^^^^^^^^^^^^^^^^^^^^^^^^^
  File "/home/tiger/.local/lib/python3.11/site-packages/transformers/configuration_utils.py", line 662, in get_config_dict
    config_dict, kwargs = cls._get_config_dict(pretrained_model_name_or_path, **kwargs)
                          ^^^^^^^^^^^^^^^^^^^^^^^^^^^^^^^^^^^^^^^^^^^^^^^^^^^^^^^^^^^^^
  File "/home/tiger/.local/lib/python3.11/site-packages/transformers/configuration_utils.py", line 721, in _get_config_dict
    resolved_config_file = cached_file(
                           ^^^^^^^^^^^^
  File "/home/tiger/.local/lib/python3.11/site-packages/transformers/utils/hub.py", line 322, in cached_file
    file = cached_files(path_or_repo_id=path_or_repo_id, filenames=[filename], **kwargs)
           ^^^^^^^^^^^^^^^^^^^^^^^^^^^^^^^^^^^^^^^^^^^^^^^^^^^^^^^^^^^^^^^^^^^^^^^^^^^^^
  File "/home/tiger/.local/lib/python3.11/site-packages/transformers/utils/hub.py", line 543, in cached_files
    raise OSError(
OSError: You are trying to access a gated repo.
Make sure to have access to it at https://huggingface.co/meta-llama/Llama-2-7b-hf.
401 Client Error. (Request ID: Root=1-69202088-7a5dde4f061956124bc9c096;ffa74583-c123-4cab-b4eb-245dcbd1000a)

Cannot access gated repo for url https://huggingface.co/meta-llama/Llama-2-7b-hf/resolve/main/config.json.
Access to model meta-llama/Llama-2-7b-hf is restricted. You must have access to it and be authenticated to access it. Please log in.
[rank0]: Traceback (most recent call last):
[rank0]:   File "/home/tiger/.local/lib/python3.11/site-packages/huggingface_hub/utils/_http.py", line 407, in hf_raise_for_status
[rank0]:     response.raise_for_status()
[rank0]:   File "/usr/local/lib/python3.11/dist-packages/requests/models.py", line 1024, in raise_for_status
[rank0]:     raise HTTPError(http_error_msg, response=self)
[rank0]: requests.exceptions.HTTPError: 401 Client Error: Unauthorized for url: https://huggingface.co/meta-llama/Llama-2-7b-hf/resolve/main/config.json

[rank0]: The above exception was the direct cause of the following exception:

[rank0]: Traceback (most recent call last):
[rank0]:   File "/home/tiger/.local/lib/python3.11/site-packages/transformers/utils/hub.py", line 479, in cached_files
[rank0]:     hf_hub_download(
[rank0]:   File "/home/tiger/.local/lib/python3.11/site-packages/huggingface_hub/utils/_validators.py", line 114, in _inner_fn
[rank0]:     return fn(*args, **kwargs)
[rank0]:            ^^^^^^^^^^^^^^^^^^^
[rank0]:   File "/home/tiger/.local/lib/python3.11/site-packages/huggingface_hub/file_download.py", line 1010, in hf_hub_download
[rank0]:     return _hf_hub_download_to_cache_dir(
[rank0]:            ^^^^^^^^^^^^^^^^^^^^^^^^^^^^^^
[rank0]:   File "/home/tiger/.local/lib/python3.11/site-packages/huggingface_hub/file_download.py", line 1117, in _hf_hub_download_to_cache_dir
[rank0]:     _raise_on_head_call_error(head_call_error, force_download, local_files_only)
[rank0]:   File "/home/tiger/.local/lib/python3.11/site-packages/huggingface_hub/file_download.py", line 1658, in _raise_on_head_call_error
[rank0]:     raise head_call_error
[rank0]:   File "/home/tiger/.local/lib/python3.11/site-packages/huggingface_hub/file_download.py", line 1546, in _get_metadata_or_catch_error
[rank0]:     metadata = get_hf_file_metadata(
[rank0]:                ^^^^^^^^^^^^^^^^^^^^^
[rank0]:   File "/home/tiger/.local/lib/python3.11/site-packages/huggingface_hub/utils/_validators.py", line 114, in _inner_fn
[rank0]:     return fn(*args, **kwargs)
[rank0]:            ^^^^^^^^^^^^^^^^^^^
[rank0]:   File "/home/tiger/.local/lib/python3.11/site-packages/huggingface_hub/file_download.py", line 1463, in get_hf_file_metadata
[rank0]:     r = _request_wrapper(
[rank0]:         ^^^^^^^^^^^^^^^^^
[rank0]:   File "/home/tiger/.local/lib/python3.11/site-packages/huggingface_hub/file_download.py", line 286, in _request_wrapper
[rank0]:     response = _request_wrapper(
[rank0]:                ^^^^^^^^^^^^^^^^^
[rank0]:   File "/home/tiger/.local/lib/python3.11/site-packages/huggingface_hub/file_download.py", line 310, in _request_wrapper
[rank0]:     hf_raise_for_status(response)
[rank0]:   File "/home/tiger/.local/lib/python3.11/site-packages/huggingface_hub/utils/_http.py", line 424, in hf_raise_for_status
[rank0]:     raise _format(GatedRepoError, message, response) from e
[rank0]: huggingface_hub.errors.GatedRepoError: 401 Client Error. (Request ID: Root=1-69202088-7a5dde4f061956124bc9c096;ffa74583-c123-4cab-b4eb-245dcbd1000a)

[rank0]: Cannot access gated repo for url https://huggingface.co/meta-llama/Llama-2-7b-hf/resolve/main/config.json.
[rank0]: Access to model meta-llama/Llama-2-7b-hf is restricted. You must have access to it and be authenticated to access it. Please log in.

[rank0]: The above exception was the direct cause of the following exception:

[rank0]: Traceback (most recent call last):
[rank0]:   File "/mnt/bn/search-nlp-us/haohanwen/haohw/rl/train_ppo.py", line 132, in <module>
[rank0]:     main()
[rank0]:   File "/mnt/bn/search-nlp-us/haohanwen/haohw/rl/train_ppo.py", line 63, in main
[rank0]:     ppo_model, ref_model, tokenizer = load_ppo_models_from_manager(cfg["model"])
[rank0]:                                       ^^^^^^^^^^^^^^^^^^^^^^^^^^^^^^^^^^^^^^^^^^
[rank0]:   File "/mnt/bn/search-nlp-us/haohanwen/haohw/rl/train_ppo.py", line 29, in load_ppo_models_from_manager
[rank0]:     base_model, tokenizer = mgr.merge_lora_to_model(
[rank0]:                             ^^^^^^^^^^^^^^^^^^^^^^^^
[rank0]:   File "/mnt/bn/search-nlp-us/haohanwen/haohw/model/model_utils.py", line 22, in merge_lora_to_model
[rank0]:     base_model = AutoModelForCausalLM.from_pretrained(
[rank0]:                  ^^^^^^^^^^^^^^^^^^^^^^^^^^^^^^^^^^^^^
[rank0]:   File "/home/tiger/.local/lib/python3.11/site-packages/transformers/models/auto/auto_factory.py", line 549, in from_pretrained
[rank0]:     config, kwargs = AutoConfig.from_pretrained(
[rank0]:                      ^^^^^^^^^^^^^^^^^^^^^^^^^^^
[rank0]:   File "/home/tiger/.local/lib/python3.11/site-packages/transformers/models/auto/configuration_auto.py", line 1332, in from_pretrained
[rank0]:     config_dict, unused_kwargs = PretrainedConfig.get_config_dict(pretrained_model_name_or_path, **kwargs)
[rank0]:                                  ^^^^^^^^^^^^^^^^^^^^^^^^^^^^^^^^^^^^^^^^^^^^^^^^^^^^^^^^^^^^^^^^^^^^^^^^^
[rank0]:   File "/home/tiger/.local/lib/python3.11/site-packages/transformers/configuration_utils.py", line 662, in get_config_dict
[rank0]:     config_dict, kwargs = cls._get_config_dict(pretrained_model_name_or_path, **kwargs)
[rank0]:                           ^^^^^^^^^^^^^^^^^^^^^^^^^^^^^^^^^^^^^^^^^^^^^^^^^^^^^^^^^^^^^
[rank0]:   File "/home/tiger/.local/lib/python3.11/site-packages/transformers/configuration_utils.py", line 721, in _get_config_dict
[rank0]:     resolved_config_file = cached_file(
[rank0]:                            ^^^^^^^^^^^^
[rank0]:   File "/home/tiger/.local/lib/python3.11/site-packages/transformers/utils/hub.py", line 322, in cached_file
[rank0]:     file = cached_files(path_or_repo_id=path_or_repo_id, filenames=[filename], **kwargs)
[rank0]:            ^^^^^^^^^^^^^^^^^^^^^^^^^^^^^^^^^^^^^^^^^^^^^^^^^^^^^^^^^^^^^^^^^^^^^^^^^^^^^
[rank0]:   File "/home/tiger/.local/lib/python3.11/site-packages/transformers/utils/hub.py", line 543, in cached_files
[rank0]:     raise OSError(
[rank0]: OSError: You are trying to access a gated repo.
[rank0]: Make sure to have access to it at https://huggingface.co/meta-llama/Llama-2-7b-hf.
[rank0]: 401 Client Error. (Request ID: Root=1-69202088-7a5dde4f061956124bc9c096;ffa74583-c123-4cab-b4eb-245dcbd1000a)

[rank0]: Cannot access gated repo for url https://huggingface.co/meta-llama/Llama-2-7b-hf/resolve/main/config.json.
[rank0]: Access to model meta-llama/Llama-2-7b-hf is restricted. You must have access to it and be authenticated to access it. Please log in.
